2025-03-30 20:48:36,623 | INFO     | app.main | 11724 | MainThread | Request started
2025-03-30 20:48:36,680 | INFO     | app.routers.health | 11724 | MainThread | Health check completed
2025-03-30 20:48:36,680 | WARNING  | app.routers.health | 11724 | MainThread | System resources running high
2025-03-30 20:48:36,731 | ERROR    | app.main | 11724 | MainThread | Request failed
Traceback (most recent call last):
  File "C:\Users\jorda\OneDrive\Desktop\CodeAndAi\Take3Tech\ChatOpsMVP\backend\app\main.py", line 106, in log_requests
AttributeError: '_StreamingResponse' object has no attribute 'body'
2025-03-30 20:48:37,214 | INFO     | app.main | 11724 | MainThread | Request started
2025-03-30 20:48:37,262 | ERROR    | app.main | 11724 | MainThread | Request failed
Traceback (most recent call last):
  File "C:\Users\jorda\OneDrive\Desktop\CodeAndAi\Take3Tech\ChatOpsMVP\backend\app\main.py", line 106, in log_requests
AttributeError: '_StreamingResponse' object has no attribute 'body'
2025-03-30 20:48:37,326 | INFO     | app.main | 11724 | MainThread | Request started
2025-03-30 20:48:37,378 | INFO     | app.main | 11724 | MainThread | Request started
2025-03-30 20:48:37,427 | INFO     | app.main | 11724 | MainThread | Request started
2025-03-30 20:48:37,477 | INFO     | app.main | 11724 | MainThread | Request started
2025-03-30 20:48:37,528 | INFO     | app.main | 11724 | MainThread | Request started
2025-03-30 20:48:37,588 | INFO     | app.routers.health | 11724 | MainThread | Health check completed
2025-03-30 20:48:37,588 | WARNING  | app.routers.health | 11724 | MainThread | System resources running high
2025-03-30 20:48:37,645 | INFO     | app.routers.health | 11724 | MainThread | Health check completed
2025-03-30 20:48:37,645 | WARNING  | app.routers.health | 11724 | MainThread | System resources running high
2025-03-30 20:48:37,702 | INFO     | app.routers.health | 11724 | MainThread | Health check completed
2025-03-30 20:48:37,702 | WARNING  | app.routers.health | 11724 | MainThread | System resources running high
2025-03-30 20:48:37,758 | INFO     | app.routers.health | 11724 | MainThread | Health check completed
2025-03-30 20:48:37,758 | WARNING  | app.routers.health | 11724 | MainThread | System resources running high
2025-03-30 20:48:37,815 | INFO     | app.routers.health | 11724 | MainThread | Health check completed
2025-03-30 20:48:37,815 | WARNING  | app.routers.health | 11724 | MainThread | System resources running high
2025-03-30 20:48:37,868 | ERROR    | app.main | 11724 | MainThread | Request failed
Traceback (most recent call last):
  File "C:\Users\jorda\OneDrive\Desktop\CodeAndAi\Take3Tech\ChatOpsMVP\backend\app\main.py", line 106, in log_requests
AttributeError: '_StreamingResponse' object has no attribute 'body'
2025-03-30 20:48:37,921 | INFO     | app.main | 11724 | MainThread | Request started
2025-03-30 20:48:37,973 | INFO     | app.main | 11724 | MainThread | Request started
2025-03-30 20:48:38,026 | INFO     | app.main | 11724 | MainThread | Request started
2025-03-30 20:48:38,078 | INFO     | app.main | 11724 | MainThread | Request started
2025-03-30 20:48:38,131 | INFO     | app.main | 11724 | MainThread | Request started
2025-03-30 20:48:38,185 | ERROR    | app.main | 11724 | MainThread | Request failed
Traceback (most recent call last):
  File "C:\Users\jorda\OneDrive\Desktop\CodeAndAi\Take3Tech\ChatOpsMVP\backend\app\main.py", line 106, in log_requests
AttributeError: '_StreamingResponse' object has no attribute 'body'
2025-03-30 20:48:38,239 | ERROR    | app.main | 11724 | MainThread | Request failed
Traceback (most recent call last):
  File "C:\Users\jorda\OneDrive\Desktop\CodeAndAi\Take3Tech\ChatOpsMVP\backend\app\main.py", line 106, in log_requests
AttributeError: '_StreamingResponse' object has no attribute 'body'
2025-03-30 20:48:38,291 | ERROR    | app.main | 11724 | MainThread | Request failed
Traceback (most recent call last):
  File "C:\Users\jorda\OneDrive\Desktop\CodeAndAi\Take3Tech\ChatOpsMVP\backend\app\main.py", line 106, in log_requests
AttributeError: '_StreamingResponse' object has no attribute 'body'
2025-03-30 20:48:38,344 | ERROR    | app.main | 11724 | MainThread | Request failed
Traceback (most recent call last):
  File "C:\Users\jorda\OneDrive\Desktop\CodeAndAi\Take3Tech\ChatOpsMVP\backend\app\main.py", line 106, in log_requests
AttributeError: '_StreamingResponse' object has no attribute 'body'
2025-03-30 20:48:38,425 | INFO     | app.routers.health | 11724 | MainThread | Health check completed
2025-03-30 20:48:38,425 | WARNING  | app.routers.health | 11724 | MainThread | System resources running high
2025-03-30 20:48:38,483 | INFO     | app.routers.health | 11724 | MainThread | Health check completed
2025-03-30 20:48:38,483 | WARNING  | app.routers.health | 11724 | MainThread | System resources running high
2025-03-30 20:48:38,538 | INFO     | app.routers.health | 11724 | MainThread | Health check completed
2025-03-30 20:48:38,538 | WARNING  | app.routers.health | 11724 | MainThread | System resources running high
2025-03-30 20:48:38,595 | INFO     | app.routers.health | 11724 | MainThread | Health check completed
2025-03-30 20:48:38,595 | WARNING  | app.routers.health | 11724 | MainThread | System resources running high
2025-03-30 20:48:38,653 | INFO     | app.routers.health | 11724 | MainThread | Health check completed
2025-03-30 20:48:38,654 | WARNING  | app.routers.health | 11724 | MainThread | System resources running high
2025-03-30 20:48:38,706 | ERROR    | app.main | 11724 | MainThread | Request failed
Traceback (most recent call last):
  File "C:\Users\jorda\OneDrive\Desktop\CodeAndAi\Take3Tech\ChatOpsMVP\backend\app\main.py", line 106, in log_requests
AttributeError: '_StreamingResponse' object has no attribute 'body'
2025-03-30 20:48:38,760 | ERROR    | app.main | 11724 | MainThread | Request failed
Traceback (most recent call last):
  File "C:\Users\jorda\OneDrive\Desktop\CodeAndAi\Take3Tech\ChatOpsMVP\backend\app\main.py", line 106, in log_requests
AttributeError: '_StreamingResponse' object has no attribute 'body'
2025-03-30 20:48:38,813 | ERROR    | app.main | 11724 | MainThread | Request failed
Traceback (most recent call last):
  File "C:\Users\jorda\OneDrive\Desktop\CodeAndAi\Take3Tech\ChatOpsMVP\backend\app\main.py", line 106, in log_requests
AttributeError: '_StreamingResponse' object has no attribute 'body'
2025-03-30 20:48:38,865 | ERROR    | app.main | 11724 | MainThread | Request failed
Traceback (most recent call last):
  File "C:\Users\jorda\OneDrive\Desktop\CodeAndAi\Take3Tech\ChatOpsMVP\backend\app\main.py", line 106, in log_requests
AttributeError: '_StreamingResponse' object has no attribute 'body'
2025-03-30 20:48:38,916 | ERROR    | app.main | 11724 | MainThread | Request failed
Traceback (most recent call last):
  File "C:\Users\jorda\OneDrive\Desktop\CodeAndAi\Take3Tech\ChatOpsMVP\backend\app\main.py", line 106, in log_requests
AttributeError: '_StreamingResponse' object has no attribute 'body'
2025-03-30 20:48:39,250 | INFO     | app.main | 11724 | MainThread | Request started
2025-03-30 20:48:39,251 | INFO     | app.routers.chat | 11724 | MainThread | Chat request received
2025-03-30 20:48:39,251 | INFO     | app.routers.chat | 11724 | MainThread | Chat request completed
2025-03-30 20:48:39,299 | ERROR    | app.main | 11724 | MainThread | Request failed
Traceback (most recent call last):
  File "C:\Users\jorda\OneDrive\Desktop\CodeAndAi\Take3Tech\ChatOpsMVP\backend\app\main.py", line 106, in log_requests
AttributeError: '_StreamingResponse' object has no attribute 'body'
